<?xml version="1.0" encoding="UTF-8"?>
<Site BuildName="(empty)"
	BuildStamp="20240813-0631-Experimental"
	Name="albert-HP-Z2-SFF-G4-Workstation"
	Generator="ctest-3.22.1"
	CompilerName="/usr/bin/c++"
	CompilerVersion="11.4.0"
	OSName="Linux"
	Hostname="albert-HP-Z2-SFF-G4-Workstation"
	OSRelease="6.5.0-44-generic"
	OSVersion="#44~22.04.1-Ubuntu SMP PREEMPT_DYNAMIC Tue Jun 18 14:36:16 UTC 2"
	OSPlatform="x86_64"
	Is64Bits="1"
	VendorString="GenuineIntel"
	VendorID="Intel Corporation"
	FamilyID="6"
	ModelID="158"
	ProcessorCacheSize="12288"
	NumberOfLogicalCPU="8"
	NumberOfPhysicalCPU="8"
	TotalVirtualMemory="2047"
	TotalPhysicalMemory="31768"
	LogicalProcessorsPerPhysical="1"
	ProcessorClockFrequency="4458.18"
	>
	<Testing>
		<StartDateTime>Aug 13 08:31 CEST</StartDateTime>
		<StartTestTime>1723530704</StartTestTime>
		<TestList/>
		<EndDateTime>Aug 13 08:31 CEST</EndDateTime>
		<EndTestTime>1723530704</EndTestTime>
		<ElapsedMinutes>0</ElapsedMinutes>
	</Testing>
</Site>
