<?xml version="1.0" encoding="UTF-8"?>
<Site BuildName="(empty)"
	BuildStamp="20240611-0710-Experimental"
	Name="albert-HP-Z2-SFF-G4-Workstation"
	Generator="ctest-3.22.1"
	CompilerName="/usr/bin/c++"
	CompilerVersion="11.4.0"
	OSName="Linux"
	Hostname="albert-HP-Z2-SFF-G4-Workstation"
	OSRelease="6.5.0-35-generic"
	OSVersion="#35~22.04.1-Ubuntu SMP PREEMPT_DYNAMIC Tue May  7 09:00:52 UTC 2"
	OSPlatform="x86_64"
	Is64Bits="1"
	VendorString="GenuineIntel"
	VendorID="Intel Corporation"
	FamilyID="6"
	ModelID="158"
	ProcessorCacheSize="12288"
	NumberOfLogicalCPU="8"
	NumberOfPhysicalCPU="8"
	TotalVirtualMemory="2047"
	TotalPhysicalMemory="15664"
	LogicalProcessorsPerPhysical="1"
	ProcessorClockFrequency="4500.03"
	>
	<Testing>
		<StartDateTime>Jun 11 09:56 CEST</StartDateTime>
		<StartTestTime>1718092607</StartTestTime>
		<TestList/>
		<EndDateTime>Jun 11 09:56 CEST</EndDateTime>
		<EndTestTime>1718092607</EndTestTime>
		<ElapsedMinutes>0</ElapsedMinutes>
	</Testing>
</Site>
