<?xml version="1.0" encoding="UTF-8"?>
<Site BuildName="(empty)"
	BuildStamp="20240604-0631-Experimental"
	Name="albert-HP-Z2-SFF-G4-Workstation"
	Generator="ctest-3.22.1"
	CompilerName="/usr/bin/c++"
	CompilerVersion="11.4.0"
	OSName="Linux"
	Hostname="albert-HP-Z2-SFF-G4-Workstation"
	OSRelease="6.5.0-35-generic"
	OSVersion="#35~22.04.1-Ubuntu SMP PREEMPT_DYNAMIC Tue May  7 09:00:52 UTC 2"
	OSPlatform="x86_64"
	Is64Bits="1"
	VendorString="GenuineIntel"
	VendorID="Intel Corporation"
	FamilyID="6"
	ModelID="158"
	ProcessorCacheSize="12288"
	NumberOfLogicalCPU="8"
	NumberOfPhysicalCPU="8"
	TotalVirtualMemory="2047"
	TotalPhysicalMemory="15664"
	LogicalProcessorsPerPhysical="1"
	ProcessorClockFrequency="800.041"
	>
	<Testing>
		<StartDateTime>Jun 04 08:31 CEST</StartDateTime>
		<StartTestTime>1717482680</StartTestTime>
		<TestList/>
		<EndDateTime>Jun 04 08:31 CEST</EndDateTime>
		<EndTestTime>1717482680</EndTestTime>
		<ElapsedMinutes>0</ElapsedMinutes>
	</Testing>
</Site>
