<?xml version="1.0" encoding="UTF-8"?>
<Site BuildName="(empty)"
	BuildStamp="20241003-0611-Experimental"
	Name="albert-HP-Z2-SFF-G4-Workstation"
	Generator="ctest-3.22.1"
	CompilerName="/usr/bin/c++"
	CompilerVersion="11.4.0"
	OSName="Linux"
	Hostname="albert-HP-Z2-SFF-G4-Workstation"
	OSRelease="6.8.0-45-generic"
	OSVersion="#45~22.04.1-Ubuntu SMP PREEMPT_DYNAMIC Wed Sep 11 15:25:05 UTC 2"
	OSPlatform="x86_64"
	Is64Bits="1"
	VendorString="GenuineIntel"
	VendorID="Intel Corporation"
	FamilyID="6"
	ModelID="158"
	ProcessorCacheSize="12288"
	NumberOfLogicalCPU="8"
	NumberOfPhysicalCPU="8"
	TotalVirtualMemory="2047"
	TotalPhysicalMemory="31777"
	LogicalProcessorsPerPhysical="1"
	ProcessorClockFrequency="799.965"
	>
	<Testing>
		<StartDateTime>Oct 03 08:11 CEST</StartDateTime>
		<StartTestTime>1727935895</StartTestTime>
		<TestList/>
		<EndDateTime>Oct 03 08:11 CEST</EndDateTime>
		<EndTestTime>1727935895</EndTestTime>
		<ElapsedMinutes>0</ElapsedMinutes>
	</Testing>
</Site>
