<?xml version="1.0" encoding="UTF-8"?>
<Site BuildName="(empty)"
	BuildStamp="20240625-0647-Experimental"
	Name="albert-HP-Z2-SFF-G4-Workstation"
	Generator="ctest-3.22.1"
	CompilerName="/usr/bin/c++"
	CompilerVersion="11.4.0"
	OSName="Linux"
	Hostname="albert-HP-Z2-SFF-G4-Workstation"
	OSRelease="6.5.0-41-generic"
	OSVersion="#41~22.04.2-Ubuntu SMP PREEMPT_DYNAMIC Mon Jun  3 11:32:55 UTC 2"
	OSPlatform="x86_64"
	Is64Bits="1"
	VendorString="GenuineIntel"
	VendorID="Intel Corporation"
	FamilyID="6"
	ModelID="158"
	ProcessorCacheSize="12288"
	NumberOfLogicalCPU="8"
	NumberOfPhysicalCPU="8"
	TotalVirtualMemory="2047"
	TotalPhysicalMemory="15664"
	LogicalProcessorsPerPhysical="1"
	ProcessorClockFrequency="4473.86"
	>
	<Testing>
		<StartDateTime>Jun 25 10:04 CEST</StartDateTime>
		<StartTestTime>1719302679</StartTestTime>
		<TestList/>
		<EndDateTime>Jun 25 10:04 CEST</EndDateTime>
		<EndTestTime>1719302679</EndTestTime>
		<ElapsedMinutes>0</ElapsedMinutes>
	</Testing>
</Site>
